android/app/build/intermediates/manifest_merge_blame_file/debug/manifest-merger-blame-debug-report.txt
1<?xml version="1.0" encoding="utf-8"?>
2<manifest xmlns:android="http://schemas.android.com/apk/res/android"
3    package="com.qp.padelclub"
4    android:versionCode="34"
5    android:versionName="v1.0.0" >
6
7    <uses-sdk
8        android:minSdkVersion="21"
9        android:targetSdkVersion="35" />
10
11    <uses-permission android:name="android.permission.SYSTEM_ALERT_WINDOW" />
11-->src/debug/AndroidManifest.xml:5:5-77
11-->src/debug/AndroidManifest.xml:5:22-75
12    <uses-permission android:name="android.permission.INTERNET" />
12-->src/main/AndroidManifest.xml:4:3-65
12-->src/main/AndroidManifest.xml:4:20-62
13    <uses-permission android:name="android.permission.VIBRATE" />
13-->src/main/AndroidManifest.xml:5:3-64
13-->src/main/AndroidManifest.xml:5:20-61
14    <uses-permission android:name="android.permission.CAMERA" />
14-->src/main/AndroidManifest.xml:6:3-63
14-->src/main/AndroidManifest.xml:6:20-60
15    <uses-permission android:name="android.permission.READ_EXTERNAL_STORAGE" />
15-->src/main/AndroidManifest.xml:7:3-78
15-->src/main/AndroidManifest.xml:7:20-75
16    <uses-permission android:name="android.permission.WRITE_EXTERNAL_STORAGE" />
16-->src/main/AndroidManifest.xml:8:3-79
16-->src/main/AndroidManifest.xml:8:20-76
17    <uses-permission android:name="android.permission.ACCESS_WIFI_STATE" />
17-->[com.facebook.flipper:flipper:0.182.0] AndroidManifest.xml:16:5-76
17-->[com.facebook.flipper:flipper:0.182.0] AndroidManifest.xml:16:22-73
18    <uses-permission android:name="android.permission.ACCESS_NETWORK_STATE" />
18-->[:react-native-community_netinfo] AndroidManifest.xml:7:5-79
18-->[:react-native-community_netinfo] AndroidManifest.xml:7:22-76
19    <uses-permission android:name="android.permission.WAKE_LOCK" />
19-->[:react-native-firebase_messaging] AndroidManifest.xml:8:5-68
19-->[:react-native-firebase_messaging] AndroidManifest.xml:8:22-65
20    <uses-permission android:name="android.permission.POST_NOTIFICATIONS" /> <!-- Required by older versions of Google Play services to create IID tokens -->
20-->[com.google.firebase:firebase-messaging:23.4.1] AndroidManifest.xml:23:5-77
20-->[com.google.firebase:firebase-messaging:23.4.1] AndroidManifest.xml:23:22-74
21    <uses-permission android:name="com.google.android.c2dm.permission.RECEIVE" /> <!-- for android -->
21-->[com.google.firebase:firebase-messaging:23.4.1] AndroidManifest.xml:26:5-82
21-->[com.google.firebase:firebase-messaging:23.4.1] AndroidManifest.xml:26:22-79
22    <!-- <uses-permission android:name="com.android.launcher.permission.READ_SETTINGS"/> -->
23    <!-- <uses-permission android:name="com.android.launcher.permission.WRITE_SETTINGS"/> -->
24    <!-- <uses-permission android:name="com.android.launcher.permission.INSTALL_SHORTCUT" /> -->
25    <!-- <uses-permission android:name="com.android.launcher.permission.UNINSTALL_SHORTCUT" /> -->
26    <!-- for Samsung -->
27    <uses-permission android:name="com.sec.android.provider.badge.permission.READ" />
27-->[me.leolin:ShortcutBadger:1.1.22] AndroidManifest.xml:19:5-86
27-->[me.leolin:ShortcutBadger:1.1.22] AndroidManifest.xml:19:22-83
28    <uses-permission android:name="com.sec.android.provider.badge.permission.WRITE" /> <!-- for htc -->
28-->[me.leolin:ShortcutBadger:1.1.22] AndroidManifest.xml:20:5-87
28-->[me.leolin:ShortcutBadger:1.1.22] AndroidManifest.xml:20:22-84
29    <uses-permission android:name="com.htc.launcher.permission.READ_SETTINGS" />
29-->[me.leolin:ShortcutBadger:1.1.22] AndroidManifest.xml:23:5-81
29-->[me.leolin:ShortcutBadger:1.1.22] AndroidManifest.xml:23:22-78
30    <uses-permission android:name="com.htc.launcher.permission.UPDATE_SHORTCUT" /> <!-- for sony -->
30-->[me.leolin:ShortcutBadger:1.1.22] AndroidManifest.xml:24:5-83
30-->[me.leolin:ShortcutBadger:1.1.22] AndroidManifest.xml:24:22-80
31    <uses-permission android:name="com.sonyericsson.home.permission.BROADCAST_BADGE" />
31-->[me.leolin:ShortcutBadger:1.1.22] AndroidManifest.xml:27:5-88
31-->[me.leolin:ShortcutBadger:1.1.22] AndroidManifest.xml:27:22-85
32    <uses-permission android:name="com.sonymobile.home.permission.PROVIDER_INSERT_BADGE" /> <!-- for apex -->
32-->[me.leolin:ShortcutBadger:1.1.22] AndroidManifest.xml:28:5-92
32-->[me.leolin:ShortcutBadger:1.1.22] AndroidManifest.xml:28:22-89
33    <uses-permission android:name="com.anddoes.launcher.permission.UPDATE_COUNT" /> <!-- for solid -->
33-->[me.leolin:ShortcutBadger:1.1.22] AndroidManifest.xml:31:5-84
33-->[me.leolin:ShortcutBadger:1.1.22] AndroidManifest.xml:31:22-81
34    <uses-permission android:name="com.majeur.launcher.permission.UPDATE_BADGE" /> <!-- for huawei -->
34-->[me.leolin:ShortcutBadger:1.1.22] AndroidManifest.xml:34:5-83
34-->[me.leolin:ShortcutBadger:1.1.22] AndroidManifest.xml:34:22-80
35    <uses-permission android:name="com.huawei.android.launcher.permission.CHANGE_BADGE" />
35-->[me.leolin:ShortcutBadger:1.1.22] AndroidManifest.xml:37:5-91
35-->[me.leolin:ShortcutBadger:1.1.22] AndroidManifest.xml:37:22-88
36    <uses-permission android:name="com.huawei.android.launcher.permission.READ_SETTINGS" />
36-->[me.leolin:ShortcutBadger:1.1.22] AndroidManifest.xml:38:5-92
36-->[me.leolin:ShortcutBadger:1.1.22] AndroidManifest.xml:38:22-89
37    <uses-permission android:name="com.huawei.android.launcher.permission.WRITE_SETTINGS" /> <!-- for ZUK -->
37-->[me.leolin:ShortcutBadger:1.1.22] AndroidManifest.xml:39:5-93
37-->[me.leolin:ShortcutBadger:1.1.22] AndroidManifest.xml:39:22-90
38    <uses-permission android:name="android.permission.READ_APP_BADGE" /> <!-- for OPPO -->
38-->[me.leolin:ShortcutBadger:1.1.22] AndroidManifest.xml:42:5-73
38-->[me.leolin:ShortcutBadger:1.1.22] AndroidManifest.xml:42:22-70
39    <uses-permission android:name="com.oppo.launcher.permission.READ_SETTINGS" />
39-->[me.leolin:ShortcutBadger:1.1.22] AndroidManifest.xml:45:5-82
39-->[me.leolin:ShortcutBadger:1.1.22] AndroidManifest.xml:45:22-79
40    <uses-permission android:name="com.oppo.launcher.permission.WRITE_SETTINGS" /> <!-- for EvMe -->
40-->[me.leolin:ShortcutBadger:1.1.22] AndroidManifest.xml:46:5-83
40-->[me.leolin:ShortcutBadger:1.1.22] AndroidManifest.xml:46:22-80
41    <uses-permission android:name="me.everything.badger.permission.BADGE_COUNT_READ" />
41-->[me.leolin:ShortcutBadger:1.1.22] AndroidManifest.xml:49:5-88
41-->[me.leolin:ShortcutBadger:1.1.22] AndroidManifest.xml:49:22-85
42    <uses-permission android:name="me.everything.badger.permission.BADGE_COUNT_WRITE" />
42-->[me.leolin:ShortcutBadger:1.1.22] AndroidManifest.xml:50:5-89
42-->[me.leolin:ShortcutBadger:1.1.22] AndroidManifest.xml:50:22-86
43
44    <application
44-->src/main/AndroidManifest.xml:9:3-37:17
45        android:name="com.qp.padelclub.MainApplication"
45-->src/main/AndroidManifest.xml:10:5-36
46        android:allowBackup="false"
46-->src/main/AndroidManifest.xml:14:5-32
47        android:appComponentFactory="androidx.core.app.CoreComponentFactory"
47-->[androidx.core:core:1.8.0] AndroidManifest.xml:24:18-86
48        android:debuggable="true"
49        android:icon="@mipmap/ic_launcher"
49-->src/main/AndroidManifest.xml:12:5-39
50        android:label="@string/app_name"
50-->src/main/AndroidManifest.xml:11:5-37
51        android:roundIcon="@mipmap/ic_launcher_round"
51-->src/main/AndroidManifest.xml:13:5-50
52        android:theme="@style/AppTheme"
52-->src/main/AndroidManifest.xml:15:5-36
53        android:usesCleartextTraffic="true" >
53-->src/debug/AndroidManifest.xml:8:9-44
54        <activity
54-->src/debug/AndroidManifest.xml:11:9-111
55            android:name="com.facebook.react.devsupport.DevSettingsActivity"
55-->src/debug/AndroidManifest.xml:11:19-83
56            android:exported="false" />
56-->src/debug/AndroidManifest.xml:11:84-108
57
58        <meta-data
58-->src/main/AndroidManifest.xml:16:5-18:62
59            android:name="com.google.firebase.messaging.default_notification_icon"
59-->src/main/AndroidManifest.xml:17:7-77
60            android:resource="@drawable/ic_stat_ic_notification" />
60-->src/main/AndroidManifest.xml:18:7-59
61        <meta-data
61-->src/main/AndroidManifest.xml:20:5-23:42
62            android:name="com.google.firebase.messaging.default_notification_color"
62-->src/main/AndroidManifest.xml:21:7-78
63            android:resource="@color/colorAccent" />
63-->src/main/AndroidManifest.xml:22:7-44
64
65        <activity
65-->src/main/AndroidManifest.xml:24:5-36:16
66            android:name="com.qp.padelclub.MainActivity"
66-->src/main/AndroidManifest.xml:25:7-35
67            android:configChanges="keyboard|keyboardHidden|orientation|screenLayout|screenSize|smallestScreenSize|uiMode"
67-->src/main/AndroidManifest.xml:27:7-116
68            android:exported="true"
68-->src/main/AndroidManifest.xml:30:7-30
69            android:label="@string/app_name"
69-->src/main/AndroidManifest.xml:26:7-39
70            android:launchMode="singleTask"
70-->src/main/AndroidManifest.xml:28:7-38
71            android:theme="@style/BootTheme"
71-->src/main/AndroidManifest.xml:31:7-39
72            android:windowSoftInputMode="adjustResize" >
72-->src/main/AndroidManifest.xml:29:7-49
73            <intent-filter>
73-->src/main/AndroidManifest.xml:32:7-35:23
74                <action android:name="android.intent.action.MAIN" />
74-->src/main/AndroidManifest.xml:33:9-61
74-->src/main/AndroidManifest.xml:33:17-58
75
76                <category android:name="android.intent.category.LAUNCHER" />
76-->src/main/AndroidManifest.xml:34:9-69
76-->src/main/AndroidManifest.xml:34:19-66
77            </intent-filter>
78        </activity> <!-- Disable crashlytics by default so we can custom init with CrashlyticsNdk support -->
79        <meta-data
79-->[:react-native-firebase_crashlytics] AndroidManifest.xml:10:9-12:37
80            android:name="firebase_crashlytics_collection_enabled"
80-->[:react-native-firebase_crashlytics] AndroidManifest.xml:11:13-67
81            android:value="false" />
81-->[:react-native-firebase_crashlytics] AndroidManifest.xml:12:13-34
82
83        <provider
83-->[:react-native-firebase_crashlytics] AndroidManifest.xml:14:9-18:38
84            android:name="io.invertase.firebase.crashlytics.ReactNativeFirebaseCrashlyticsInitProvider"
84-->[:react-native-firebase_crashlytics] AndroidManifest.xml:15:13-104
85            android:authorities="com.qp.padelclub.reactnativefirebasecrashlyticsinitprovider"
85-->[:react-native-firebase_crashlytics] AndroidManifest.xml:16:13-94
86            android:exported="false"
86-->[:react-native-firebase_crashlytics] AndroidManifest.xml:17:13-37
87            android:initOrder="98" />
87-->[:react-native-firebase_crashlytics] AndroidManifest.xml:18:13-35
88
89        <service
89-->[:react-native-firebase_messaging] AndroidManifest.xml:12:9-14:40
90            android:name="io.invertase.firebase.messaging.ReactNativeFirebaseMessagingHeadlessService"
90-->[:react-native-firebase_messaging] AndroidManifest.xml:13:13-103
91            android:exported="false" />
91-->[:react-native-firebase_messaging] AndroidManifest.xml:14:13-37
92        <service
92-->[:react-native-firebase_messaging] AndroidManifest.xml:15:9-21:19
93            android:name="io.invertase.firebase.messaging.ReactNativeFirebaseMessagingService"
93-->[:react-native-firebase_messaging] AndroidManifest.xml:16:13-95
94            android:exported="false" >
94-->[:react-native-firebase_messaging] AndroidManifest.xml:17:13-37
95            <intent-filter>
95-->[:react-native-firebase_messaging] AndroidManifest.xml:18:13-20:29
96                <action android:name="com.google.firebase.MESSAGING_EVENT" />
96-->[:react-native-firebase_messaging] AndroidManifest.xml:19:17-78
96-->[:react-native-firebase_messaging] AndroidManifest.xml:19:25-75
97            </intent-filter>
98        </service>
99
100        <receiver
100-->[:react-native-firebase_messaging] AndroidManifest.xml:23:9-30:20
101            android:name="io.invertase.firebase.messaging.ReactNativeFirebaseMessagingReceiver"
101-->[:react-native-firebase_messaging] AndroidManifest.xml:24:13-96
102            android:exported="true"
102-->[:react-native-firebase_messaging] AndroidManifest.xml:25:13-36
103            android:permission="com.google.android.c2dm.permission.SEND" >
103-->[:react-native-firebase_messaging] AndroidManifest.xml:26:13-73
104            <intent-filter>
104-->[:react-native-firebase_messaging] AndroidManifest.xml:27:13-29:29
105                <action android:name="com.google.android.c2dm.intent.RECEIVE" />
105-->[:react-native-firebase_messaging] AndroidManifest.xml:28:17-81
105-->[:react-native-firebase_messaging] AndroidManifest.xml:28:25-78
106            </intent-filter>
107        </receiver>
108
109        <meta-data
109-->[:react-native-firebase_messaging] AndroidManifest.xml:32:9-34:36
110            android:name="firebase_messaging_auto_init_enabled"
110-->[:react-native-firebase_messaging] AndroidManifest.xml:33:13-64
111            android:value="true" />
111-->[:react-native-firebase_messaging] AndroidManifest.xml:34:13-33
112        <meta-data
112-->[:react-native-firebase_messaging] AndroidManifest.xml:35:9-37:32
113            android:name="com.google.firebase.messaging.default_notification_channel_id"
113-->[:react-native-firebase_messaging] AndroidManifest.xml:36:13-89
114            android:value="" />
114-->[:react-native-firebase_messaging] AndroidManifest.xml:37:13-29
115        <meta-data
115-->[:react-native-firebase_app] AndroidManifest.xml:9:9-11:36
116            android:name="app_data_collection_default_enabled"
116-->[:react-native-firebase_app] AndroidManifest.xml:10:13-63
117            android:value="true" />
117-->[:react-native-firebase_app] AndroidManifest.xml:11:13-33
118
119        <service
119-->[:react-native-firebase_app] AndroidManifest.xml:13:9-21:19
120            android:name="com.google.firebase.components.ComponentDiscoveryService"
120-->[:react-native-firebase_app] AndroidManifest.xml:14:13-84
121            android:directBootAware="true"
121-->[:react-native-firebase_app] AndroidManifest.xml:15:13-43
122            android:exported="false" >
122-->[:react-native-firebase_app] AndroidManifest.xml:16:13-37
123            <meta-data
123-->[:react-native-firebase_app] AndroidManifest.xml:18:13-20:85
124                android:name="com.google.firebase.components:io.invertase.firebase.app.ReactNativeFirebaseAppRegistrar"
124-->[:react-native-firebase_app] AndroidManifest.xml:19:17-120
125                android:value="com.google.firebase.components.ComponentRegistrar" />
125-->[:react-native-firebase_app] AndroidManifest.xml:20:17-82
126            <meta-data
126-->[com.google.firebase:firebase-messaging:23.4.1] AndroidManifest.xml:57:13-59:85
127                android:name="com.google.firebase.components:com.google.firebase.messaging.FirebaseMessagingKtxRegistrar"
127-->[com.google.firebase:firebase-messaging:23.4.1] AndroidManifest.xml:58:17-122
128                android:value="com.google.firebase.components.ComponentRegistrar" />
128-->[com.google.firebase:firebase-messaging:23.4.1] AndroidManifest.xml:59:17-82
129            <meta-data
129-->[com.google.firebase:firebase-messaging:23.4.1] AndroidManifest.xml:60:13-62:85
130                android:name="com.google.firebase.components:com.google.firebase.messaging.FirebaseMessagingRegistrar"
130-->[com.google.firebase:firebase-messaging:23.4.1] AndroidManifest.xml:61:17-119
131                android:value="com.google.firebase.components.ComponentRegistrar" />
131-->[com.google.firebase:firebase-messaging:23.4.1] AndroidManifest.xml:62:17-82
132            <meta-data
132-->[com.google.firebase:firebase-crashlytics-ndk:18.6.4] AndroidManifest.xml:32:13-34:85
133                android:name="com.google.firebase.components:com.google.firebase.crashlytics.ndk.CrashlyticsNdkRegistrar"
133-->[com.google.firebase:firebase-crashlytics-ndk:18.6.4] AndroidManifest.xml:33:17-122
134                android:value="com.google.firebase.components.ComponentRegistrar" />
134-->[com.google.firebase:firebase-crashlytics-ndk:18.6.4] AndroidManifest.xml:34:17-82
135            <meta-data
135-->[com.google.firebase:firebase-crashlytics:18.6.4] AndroidManifest.xml:15:13-17:85
136                android:name="com.google.firebase.components:com.google.firebase.crashlytics.FirebaseCrashlyticsKtxRegistrar"
136-->[com.google.firebase:firebase-crashlytics:18.6.4] AndroidManifest.xml:16:17-126
137                android:value="com.google.firebase.components.ComponentRegistrar" />
137-->[com.google.firebase:firebase-crashlytics:18.6.4] AndroidManifest.xml:17:17-82
138            <meta-data
138-->[com.google.firebase:firebase-crashlytics:18.6.4] AndroidManifest.xml:18:13-20:85
139                android:name="com.google.firebase.components:com.google.firebase.crashlytics.CrashlyticsRegistrar"
139-->[com.google.firebase:firebase-crashlytics:18.6.4] AndroidManifest.xml:19:17-115
140                android:value="com.google.firebase.components.ComponentRegistrar" />
140-->[com.google.firebase:firebase-crashlytics:18.6.4] AndroidManifest.xml:20:17-82
141            <meta-data
141-->[com.google.firebase:firebase-sessions:1.2.4] AndroidManifest.xml:29:13-31:85
142                android:name="com.google.firebase.components:com.google.firebase.sessions.FirebaseSessionsRegistrar"
142-->[com.google.firebase:firebase-sessions:1.2.4] AndroidManifest.xml:30:17-117
143                android:value="com.google.firebase.components.ComponentRegistrar" />
143-->[com.google.firebase:firebase-sessions:1.2.4] AndroidManifest.xml:31:17-82
144            <meta-data
144-->[com.google.firebase:firebase-installations:17.2.0] AndroidManifest.xml:15:13-17:85
145                android:name="com.google.firebase.components:com.google.firebase.installations.FirebaseInstallationsKtxRegistrar"
145-->[com.google.firebase:firebase-installations:17.2.0] AndroidManifest.xml:16:17-130
146                android:value="com.google.firebase.components.ComponentRegistrar" />
146-->[com.google.firebase:firebase-installations:17.2.0] AndroidManifest.xml:17:17-82
147            <meta-data
147-->[com.google.firebase:firebase-installations:17.2.0] AndroidManifest.xml:18:13-20:85
148                android:name="com.google.firebase.components:com.google.firebase.installations.FirebaseInstallationsRegistrar"
148-->[com.google.firebase:firebase-installations:17.2.0] AndroidManifest.xml:19:17-127
149                android:value="com.google.firebase.components.ComponentRegistrar" />
149-->[com.google.firebase:firebase-installations:17.2.0] AndroidManifest.xml:20:17-82
150            <meta-data
150-->[com.google.firebase:firebase-common-ktx:20.4.3] AndroidManifest.xml:12:13-14:85
151                android:name="com.google.firebase.components:com.google.firebase.ktx.FirebaseCommonLegacyRegistrar"
151-->[com.google.firebase:firebase-common-ktx:20.4.3] AndroidManifest.xml:13:17-116
152                android:value="com.google.firebase.components.ComponentRegistrar" />
152-->[com.google.firebase:firebase-common-ktx:20.4.3] AndroidManifest.xml:14:17-82
153            <meta-data
153-->[com.google.firebase:firebase-common:20.4.3] AndroidManifest.xml:35:13-37:85
154                android:name="com.google.firebase.components:com.google.firebase.FirebaseCommonKtxRegistrar"
154-->[com.google.firebase:firebase-common:20.4.3] AndroidManifest.xml:36:17-109
155                android:value="com.google.firebase.components.ComponentRegistrar" />
155-->[com.google.firebase:firebase-common:20.4.3] AndroidManifest.xml:37:17-82
156            <meta-data
156-->[com.google.firebase:firebase-datatransport:18.1.8] AndroidManifest.xml:27:13-29:85
157                android:name="com.google.firebase.components:com.google.firebase.datatransport.TransportRegistrar"
157-->[com.google.firebase:firebase-datatransport:18.1.8] AndroidManifest.xml:28:17-115
158                android:value="com.google.firebase.components.ComponentRegistrar" />
158-->[com.google.firebase:firebase-datatransport:18.1.8] AndroidManifest.xml:29:17-82
159        </service>
160
161        <provider
161-->[:react-native-firebase_app] AndroidManifest.xml:23:9-27:38
162            android:name="io.invertase.firebase.app.ReactNativeFirebaseAppInitProvider"
162-->[:react-native-firebase_app] AndroidManifest.xml:24:13-88
163            android:authorities="com.qp.padelclub.reactnativefirebaseappinitprovider"
163-->[:react-native-firebase_app] AndroidManifest.xml:25:13-86
164            android:exported="false"
164-->[:react-native-firebase_app] AndroidManifest.xml:26:13-37
165            android:initOrder="99" />
165-->[:react-native-firebase_app] AndroidManifest.xml:27:13-35
166
167        <meta-data
167-->[:sentry_react-native] AndroidManifest.xml:11:9-13:37
168            android:name="io.sentry.auto-init"
168-->[:sentry_react-native] AndroidManifest.xml:12:13-47
169            android:value="false" />
169-->[:sentry_react-native] AndroidManifest.xml:13:13-34
170
171        <provider
171-->[:react-native-image-picker] AndroidManifest.xml:8:9-16:20
172            android:name="com.imagepicker.ImagePickerProvider"
172-->[:react-native-image-picker] AndroidManifest.xml:9:13-63
173            android:authorities="com.qp.padelclub.imagepickerprovider"
173-->[:react-native-image-picker] AndroidManifest.xml:10:13-71
174            android:exported="false"
174-->[:react-native-image-picker] AndroidManifest.xml:11:13-37
175            android:grantUriPermissions="true" >
175-->[:react-native-image-picker] AndroidManifest.xml:12:13-47
176            <meta-data
176-->[:react-native-image-picker] AndroidManifest.xml:13:13-15:70
177                android:name="android.support.FILE_PROVIDER_PATHS"
177-->[:react-native-image-picker] AndroidManifest.xml:14:17-67
178                android:resource="@xml/imagepicker_provider_paths" />
178-->[:react-native-image-picker] AndroidManifest.xml:15:17-67
179        </provider>
180
181        <activity
181-->[com.google.android.gms:play-services-auth:21.0.0] AndroidManifest.xml:23:9-27:75
182            android:name="com.google.android.gms.auth.api.signin.internal.SignInHubActivity"
182-->[com.google.android.gms:play-services-auth:21.0.0] AndroidManifest.xml:24:13-93
183            android:excludeFromRecents="true"
183-->[com.google.android.gms:play-services-auth:21.0.0] AndroidManifest.xml:25:13-46
184            android:exported="false"
184-->[com.google.android.gms:play-services-auth:21.0.0] AndroidManifest.xml:26:13-37
185            android:theme="@android:style/Theme.Translucent.NoTitleBar" />
185-->[com.google.android.gms:play-services-auth:21.0.0] AndroidManifest.xml:27:13-72
186        <!--
187            Service handling Google Sign-In user revocation. For apps that do not integrate with
188            Google Sign-In, this service will never be started.
189        -->
190        <service
190-->[com.google.android.gms:play-services-auth:21.0.0] AndroidManifest.xml:33:9-37:51
191            android:name="com.google.android.gms.auth.api.signin.RevocationBoundService"
191-->[com.google.android.gms:play-services-auth:21.0.0] AndroidManifest.xml:34:13-89
192            android:exported="true"
192-->[com.google.android.gms:play-services-auth:21.0.0] AndroidManifest.xml:35:13-36
193            android:permission="com.google.android.gms.auth.api.signin.permission.REVOCATION_NOTIFICATION"
193-->[com.google.android.gms:play-services-auth:21.0.0] AndroidManifest.xml:36:13-107
194            android:visibleToInstantApps="true" />
194-->[com.google.android.gms:play-services-auth:21.0.0] AndroidManifest.xml:37:13-48
195
196        <receiver
196-->[com.google.firebase:firebase-messaging:23.4.1] AndroidManifest.xml:29:9-40:20
197            android:name="com.google.firebase.iid.FirebaseInstanceIdReceiver"
197-->[com.google.firebase:firebase-messaging:23.4.1] AndroidManifest.xml:30:13-78
198            android:exported="true"
198-->[com.google.firebase:firebase-messaging:23.4.1] AndroidManifest.xml:31:13-36
199            android:permission="com.google.android.c2dm.permission.SEND" >
199-->[com.google.firebase:firebase-messaging:23.4.1] AndroidManifest.xml:32:13-73
200            <intent-filter>
200-->[:react-native-firebase_messaging] AndroidManifest.xml:27:13-29:29
201                <action android:name="com.google.android.c2dm.intent.RECEIVE" />
201-->[:react-native-firebase_messaging] AndroidManifest.xml:28:17-81
201-->[:react-native-firebase_messaging] AndroidManifest.xml:28:25-78
202            </intent-filter>
203
204            <meta-data
204-->[com.google.firebase:firebase-messaging:23.4.1] AndroidManifest.xml:37:13-39:40
205                android:name="com.google.android.gms.cloudmessaging.FINISHED_AFTER_HANDLED"
205-->[com.google.firebase:firebase-messaging:23.4.1] AndroidManifest.xml:38:17-92
206                android:value="true" />
206-->[com.google.firebase:firebase-messaging:23.4.1] AndroidManifest.xml:39:17-37
207        </receiver>
208        <!--
209             FirebaseMessagingService performs security checks at runtime,
210             but set to not exported to explicitly avoid allowing another app to call it.
211        -->
212        <service
212-->[com.google.firebase:firebase-messaging:23.4.1] AndroidManifest.xml:46:9-53:19
213            android:name="com.google.firebase.messaging.FirebaseMessagingService"
213-->[com.google.firebase:firebase-messaging:23.4.1] AndroidManifest.xml:47:13-82
214            android:directBootAware="true"
214-->[com.google.firebase:firebase-messaging:23.4.1] AndroidManifest.xml:48:13-43
215            android:exported="false" >
215-->[com.google.firebase:firebase-messaging:23.4.1] AndroidManifest.xml:49:13-37
216            <intent-filter android:priority="-500" >
216-->[:react-native-firebase_messaging] AndroidManifest.xml:18:13-20:29
217                <action android:name="com.google.firebase.MESSAGING_EVENT" />
217-->[:react-native-firebase_messaging] AndroidManifest.xml:19:17-78
217-->[:react-native-firebase_messaging] AndroidManifest.xml:19:25-75
218            </intent-filter>
219        </service>
220
221        <activity
221-->[com.google.android.gms:play-services-base:18.0.1] AndroidManifest.xml:20:9-22:45
222            android:name="com.google.android.gms.common.api.GoogleApiActivity"
222-->[com.google.android.gms:play-services-base:18.0.1] AndroidManifest.xml:20:19-85
223            android:exported="false"
223-->[com.google.android.gms:play-services-base:18.0.1] AndroidManifest.xml:22:19-43
224            android:theme="@android:style/Theme.Translucent.NoTitleBar" />
224-->[com.google.android.gms:play-services-base:18.0.1] AndroidManifest.xml:21:19-78
225
226        <service
226-->[com.google.firebase:firebase-sessions:1.2.4] AndroidManifest.xml:22:9-25:40
227            android:name="com.google.firebase.sessions.SessionLifecycleService"
227-->[com.google.firebase:firebase-sessions:1.2.4] AndroidManifest.xml:23:13-80
228            android:enabled="true"
228-->[com.google.firebase:firebase-sessions:1.2.4] AndroidManifest.xml:24:13-35
229            android:exported="false" />
229-->[com.google.firebase:firebase-sessions:1.2.4] AndroidManifest.xml:25:13-37
230
231        <provider
231-->[com.google.firebase:firebase-common:20.4.3] AndroidManifest.xml:23:9-28:39
232            android:name="com.google.firebase.provider.FirebaseInitProvider"
232-->[com.google.firebase:firebase-common:20.4.3] AndroidManifest.xml:24:13-77
233            android:authorities="com.qp.padelclub.firebaseinitprovider"
233-->[com.google.firebase:firebase-common:20.4.3] AndroidManifest.xml:25:13-72
234            android:directBootAware="true"
234-->[com.google.firebase:firebase-common:20.4.3] AndroidManifest.xml:26:13-43
235            android:exported="false"
235-->[com.google.firebase:firebase-common:20.4.3] AndroidManifest.xml:27:13-37
236            android:initOrder="100" />
236-->[com.google.firebase:firebase-common:20.4.3] AndroidManifest.xml:28:13-36
237
238        <meta-data
238-->[com.google.android.gms:play-services-basement:18.3.0] AndroidManifest.xml:21:9-23:69
239            android:name="com.google.android.gms.version"
239-->[com.google.android.gms:play-services-basement:18.3.0] AndroidManifest.xml:22:13-58
240            android:value="@integer/google_play_services_version" />
240-->[com.google.android.gms:play-services-basement:18.3.0] AndroidManifest.xml:23:13-66
241
242        <provider
242-->[androidx.emoji2:emoji2:1.0.0] AndroidManifest.xml:26:9-34:20
243            android:name="androidx.startup.InitializationProvider"
243-->[androidx.emoji2:emoji2:1.0.0] AndroidManifest.xml:27:13-67
244            android:authorities="com.qp.padelclub.androidx-startup"
244-->[androidx.emoji2:emoji2:1.0.0] AndroidManifest.xml:28:13-68
245            android:exported="false" >
245-->[androidx.emoji2:emoji2:1.0.0] AndroidManifest.xml:29:13-37
246            <meta-data
246-->[androidx.emoji2:emoji2:1.0.0] AndroidManifest.xml:31:13-33:52
247                android:name="androidx.emoji2.text.EmojiCompatInitializer"
247-->[androidx.emoji2:emoji2:1.0.0] AndroidManifest.xml:32:17-75
248                android:value="androidx.startup" />
248-->[androidx.emoji2:emoji2:1.0.0] AndroidManifest.xml:33:17-49
249            <meta-data
249-->[androidx.lifecycle:lifecycle-process:2.4.0] AndroidManifest.xml:31:13-33:52
250                android:name="androidx.lifecycle.ProcessLifecycleInitializer"
250-->[androidx.lifecycle:lifecycle-process:2.4.0] AndroidManifest.xml:32:17-78
251                android:value="androidx.startup" />
251-->[androidx.lifecycle:lifecycle-process:2.4.0] AndroidManifest.xml:33:17-49
252        </provider> <!-- 'android:authorities' must be unique in the device, across all apps -->
253        <provider
253-->[io.sentry:sentry-android-core:7.22.5] AndroidManifest.xml:12:9-15:40
254            android:name="io.sentry.android.core.SentryInitProvider"
254-->[io.sentry:sentry-android-core:7.22.5] AndroidManifest.xml:13:13-69